android/build/intermediates/manifest_merge_blame_file/release/manifest-merger-blame-release-report.txt
1<?xml version="1.0" encoding="utf-8"?>
2<manifest xmlns:android="http://schemas.android.com/apk/res/android"
3    package="org.example.android"
4    android:versionCode="1"
5    android:versionName="1.0" >
6
7    <uses-sdk
8        android:minSdkVersion="24"
8-->src\main\AndroidManifest.xml
9        android:targetSdkVersion="31" />
9-->src\main\AndroidManifest.xml
10
11    <application
11-->src\main\AndroidManifest.xml:3:5-13:19
12        android:allowBackup="false"
12-->src\main\AndroidManifest.xml:4:13-40
13        android:appComponentFactory="androidx.core.app.CoreComponentFactory"
13-->[androidx.core:core:1.7.0] AndroidManifest.xml:24:18-86
14        android:extractNativeLibs="false"
15        android:supportsRtl="true"
15-->src\main\AndroidManifest.xml:5:13-39
16        android:theme="@style/Theme.AppCompat.Light.NoActionBar" >
16-->src\main\AndroidManifest.xml:6:13-69
17        <activity
17-->src\main\AndroidManifest.xml:7:13-12:20
18            android:name="org.example.android.MainActivity"
18-->src\main\AndroidManifest.xml:7:23-51
19            android:exported="true" >
19-->src\main\AndroidManifest.xml:7:52-75
20            <intent-filter>
20-->src\main\AndroidManifest.xml:8:13-11:29
21                <action android:name="android.intent.action.MAIN" />
21-->src\main\AndroidManifest.xml:9:17-68
21-->src\main\AndroidManifest.xml:9:25-66
22
23                <category android:name="android.intent.category.LAUNCHER" />
23-->src\main\AndroidManifest.xml:10:17-76
23-->src\main\AndroidManifest.xml:10:27-74
24            </intent-filter>
25        </activity>
26
27        <provider
27-->[androidx.profileinstaller:profileinstaller:1.0.1] AndroidManifest.xml:26:9-34:20
28            android:name="androidx.startup.InitializationProvider"
28-->[androidx.profileinstaller:profileinstaller:1.0.1] AndroidManifest.xml:27:13-67
29            android:authorities="org.example.android.androidx-startup"
29-->[androidx.profileinstaller:profileinstaller:1.0.1] AndroidManifest.xml:28:13-68
30            android:exported="false" >
30-->[androidx.profileinstaller:profileinstaller:1.0.1] AndroidManifest.xml:29:13-37
31            <meta-data
31-->[androidx.profileinstaller:profileinstaller:1.0.1] AndroidManifest.xml:31:13-33:52
32                android:name="androidx.profileinstaller.ProfileInstallerInitializer"
32-->[androidx.profileinstaller:profileinstaller:1.0.1] AndroidManifest.xml:32:17-85
33                android:value="androidx.startup" />
33-->[androidx.profileinstaller:profileinstaller:1.0.1] AndroidManifest.xml:33:17-49
34        </provider>
35
36        <receiver
36-->[androidx.profileinstaller:profileinstaller:1.0.1] AndroidManifest.xml:36:9-45:20
37            android:name="androidx.profileinstaller.ProfileInstallReceiver"
37-->[androidx.profileinstaller:profileinstaller:1.0.1] AndroidManifest.xml:37:13-76
38            android:directBootAware="false"
38-->[androidx.profileinstaller:profileinstaller:1.0.1] AndroidManifest.xml:38:13-44
39            android:enabled="true"
39-->[androidx.profileinstaller:profileinstaller:1.0.1] AndroidManifest.xml:39:13-35
40            android:exported="true"
40-->[androidx.profileinstaller:profileinstaller:1.0.1] AndroidManifest.xml:40:13-36
41            android:permission="android.permission.DUMP" >
41-->[androidx.profileinstaller:profileinstaller:1.0.1] AndroidManifest.xml:41:13-57
42            <intent-filter>
42-->[androidx.profileinstaller:profileinstaller:1.0.1] AndroidManifest.xml:42:13-44:29
43                <action android:name="androidx.profileinstaller.action.INSTALL_PROFILE" />
43-->[androidx.profileinstaller:profileinstaller:1.0.1] AndroidManifest.xml:43:17-91
43-->[androidx.profileinstaller:profileinstaller:1.0.1] AndroidManifest.xml:43:25-88
44            </intent-filter>
45        </receiver>
46    </application>
47
48</manifest>